<?xml version="1.0" encoding="UTF-8"?>
<testsuite xmlns:xsi="http://www.w3.org/2001/XMLSchema-instance" xsi:noNamespaceSchemaLocation="https://maven.apache.org/surefire/maven-surefire-plugin/xsd/surefire-test-report.xsd" name="com.hsy.HbgcShopApplicationTests" time="6.966" tests="1" errors="0" skipped="0" failures="0">
  <properties>
    <property name="sun.desktop" value="windows"/>
    <property name="awt.toolkit" value="sun.awt.windows.WToolkit"/>
    <property name="file.encoding.pkg" value="sun.io"/>
    <property name="java.specification.version" value="1.8"/>
    <property name="sun.cpu.isalist" value="amd64"/>
    <property name="sun.jnu.encoding" value="GBK"/>
    <property name="java.class.path" value="E:\Java_Project\hbgc-shop\target\test-classes;E:\Java_Project\hbgc-shop\target\classes;E:\apache-maven-3.6.3\maven_repository\org\springframework\boot\spring-boot-starter-web\2.4.1\spring-boot-starter-web-2.4.1.jar;E:\apache-maven-3.6.3\maven_repository\org\springframework\boot\spring-boot-starter\2.4.1\spring-boot-starter-2.4.1.jar;E:\apache-maven-3.6.3\maven_repository\org\springframework\boot\spring-boot-starter-logging\2.4.1\spring-boot-starter-logging-2.4.1.jar;E:\apache-maven-3.6.3\maven_repository\ch\qos\logback\logback-classic\1.2.3\logback-classic-1.2.3.jar;E:\apache-maven-3.6.3\maven_repository\ch\qos\logback\logback-core\1.2.3\logback-core-1.2.3.jar;E:\apache-maven-3.6.3\maven_repository\org\apache\logging\log4j\log4j-to-slf4j\2.13.3\log4j-to-slf4j-2.13.3.jar;E:\apache-maven-3.6.3\maven_repository\org\apache\logging\log4j\log4j-api\2.13.3\log4j-api-2.13.3.jar;E:\apache-maven-3.6.3\maven_repository\org\slf4j\jul-to-slf4j\1.7.30\jul-to-slf4j-1.7.30.jar;E:\apache-maven-3.6.3\maven_repository\jakarta\annotation\jakarta.annotation-api\1.3.5\jakarta.annotation-api-1.3.5.jar;E:\apache-maven-3.6.3\maven_repository\org\yaml\snakeyaml\1.27\snakeyaml-1.27.jar;E:\apache-maven-3.6.3\maven_repository\org\springframework\boot\spring-boot-starter-json\2.4.1\spring-boot-starter-json-2.4.1.jar;E:\apache-maven-3.6.3\maven_repository\com\fasterxml\jackson\core\jackson-databind\2.11.3\jackson-databind-2.11.3.jar;E:\apache-maven-3.6.3\maven_repository\com\fasterxml\jackson\core\jackson-annotations\2.11.3\jackson-annotations-2.11.3.jar;E:\apache-maven-3.6.3\maven_repository\com\fasterxml\jackson\core\jackson-core\2.11.3\jackson-core-2.11.3.jar;E:\apache-maven-3.6.3\maven_repository\com\fasterxml\jackson\datatype\jackson-datatype-jdk8\2.11.3\jackson-datatype-jdk8-2.11.3.jar;E:\apache-maven-3.6.3\maven_repository\com\fasterxml\jackson\datatype\jackson-datatype-jsr310\2.11.3\jackson-datatype-jsr310-2.11.3.jar;E:\apache-maven-3.6.3\maven_repository\com\fasterxml\jackson\module\jackson-module-parameter-names\2.11.3\jackson-module-parameter-names-2.11.3.jar;E:\apache-maven-3.6.3\maven_repository\org\springframework\boot\spring-boot-starter-tomcat\2.4.1\spring-boot-starter-tomcat-2.4.1.jar;E:\apache-maven-3.6.3\maven_repository\org\apache\tomcat\embed\tomcat-embed-core\9.0.41\tomcat-embed-core-9.0.41.jar;E:\apache-maven-3.6.3\maven_repository\org\glassfish\jakarta.el\3.0.3\jakarta.el-3.0.3.jar;E:\apache-maven-3.6.3\maven_repository\org\apache\tomcat\embed\tomcat-embed-websocket\9.0.41\tomcat-embed-websocket-9.0.41.jar;E:\apache-maven-3.6.3\maven_repository\org\springframework\spring-web\5.3.2\spring-web-5.3.2.jar;E:\apache-maven-3.6.3\maven_repository\org\springframework\spring-beans\5.3.2\spring-beans-5.3.2.jar;E:\apache-maven-3.6.3\maven_repository\org\springframework\spring-webmvc\5.3.2\spring-webmvc-5.3.2.jar;E:\apache-maven-3.6.3\maven_repository\org\springframework\spring-aop\5.3.2\spring-aop-5.3.2.jar;E:\apache-maven-3.6.3\maven_repository\org\springframework\spring-context\5.3.2\spring-context-5.3.2.jar;E:\apache-maven-3.6.3\maven_repository\org\springframework\spring-expression\5.3.2\spring-expression-5.3.2.jar;E:\apache-maven-3.6.3\maven_repository\org\springframework\boot\spring-boot-starter-test\2.4.1\spring-boot-starter-test-2.4.1.jar;E:\apache-maven-3.6.3\maven_repository\org\springframework\boot\spring-boot-test\2.4.1\spring-boot-test-2.4.1.jar;E:\apache-maven-3.6.3\maven_repository\org\springframework\boot\spring-boot-test-autoconfigure\2.4.1\spring-boot-test-autoconfigure-2.4.1.jar;E:\apache-maven-3.6.3\maven_repository\com\jayway\jsonpath\json-path\2.4.0\json-path-2.4.0.jar;E:\apache-maven-3.6.3\maven_repository\net\minidev\json-smart\2.3\json-smart-2.3.jar;E:\apache-maven-3.6.3\maven_repository\net\minidev\accessors-smart\1.2\accessors-smart-1.2.jar;E:\apache-maven-3.6.3\maven_repository\org\ow2\asm\asm\5.0.4\asm-5.0.4.jar;E:\apache-maven-3.6.3\maven_repository\org\slf4j\slf4j-api\1.7.30\slf4j-api-1.7.30.jar;E:\apache-maven-3.6.3\maven_repository\jakarta\xml\bind\jakarta.xml.bind-api\2.3.3\jakarta.xml.bind-api-2.3.3.jar;E:\apache-maven-3.6.3\maven_repository\jakarta\activation\jakarta.activation-api\1.2.2\jakarta.activation-api-1.2.2.jar;E:\apache-maven-3.6.3\maven_repository\org\assertj\assertj-core\3.18.1\assertj-core-3.18.1.jar;E:\apache-maven-3.6.3\maven_repository\org\hamcrest\hamcrest\2.2\hamcrest-2.2.jar;E:\apache-maven-3.6.3\maven_repository\org\junit\jupiter\junit-jupiter\5.7.0\junit-jupiter-5.7.0.jar;E:\apache-maven-3.6.3\maven_repository\org\junit\jupiter\junit-jupiter-api\5.7.0\junit-jupiter-api-5.7.0.jar;E:\apache-maven-3.6.3\maven_repository\org\apiguardian\apiguardian-api\1.1.0\apiguardian-api-1.1.0.jar;E:\apache-maven-3.6.3\maven_repository\org\opentest4j\opentest4j\1.2.0\opentest4j-1.2.0.jar;E:\apache-maven-3.6.3\maven_repository\org\junit\platform\junit-platform-commons\1.7.0\junit-platform-commons-1.7.0.jar;E:\apache-maven-3.6.3\maven_repository\org\junit\jupiter\junit-jupiter-params\5.7.0\junit-jupiter-params-5.7.0.jar;E:\apache-maven-3.6.3\maven_repository\org\junit\jupiter\junit-jupiter-engine\5.7.0\junit-jupiter-engine-5.7.0.jar;E:\apache-maven-3.6.3\maven_repository\org\junit\platform\junit-platform-engine\1.7.0\junit-platform-engine-1.7.0.jar;E:\apache-maven-3.6.3\maven_repository\org\mockito\mockito-core\3.6.28\mockito-core-3.6.28.jar;E:\apache-maven-3.6.3\maven_repository\net\bytebuddy\byte-buddy\1.10.18\byte-buddy-1.10.18.jar;E:\apache-maven-3.6.3\maven_repository\net\bytebuddy\byte-buddy-agent\1.10.18\byte-buddy-agent-1.10.18.jar;E:\apache-maven-3.6.3\maven_repository\org\objenesis\objenesis\3.1\objenesis-3.1.jar;E:\apache-maven-3.6.3\maven_repository\org\mockito\mockito-junit-jupiter\3.6.28\mockito-junit-jupiter-3.6.28.jar;E:\apache-maven-3.6.3\maven_repository\org\skyscreamer\jsonassert\1.5.0\jsonassert-1.5.0.jar;E:\apache-maven-3.6.3\maven_repository\com\vaadin\external\google\android-json\0.0.20131108.vaadin1\android-json-0.0.20131108.vaadin1.jar;E:\apache-maven-3.6.3\maven_repository\org\springframework\spring-core\5.3.2\spring-core-5.3.2.jar;E:\apache-maven-3.6.3\maven_repository\org\springframework\spring-jcl\5.3.2\spring-jcl-5.3.2.jar;E:\apache-maven-3.6.3\maven_repository\org\springframework\spring-test\5.3.2\spring-test-5.3.2.jar;E:\apache-maven-3.6.3\maven_repository\org\xmlunit\xmlunit-core\2.7.0\xmlunit-core-2.7.0.jar;E:\apache-maven-3.6.3\maven_repository\org\springframework\boot\spring-boot-starter-thymeleaf\2.4.1\spring-boot-starter-thymeleaf-2.4.1.jar;E:\apache-maven-3.6.3\maven_repository\org\thymeleaf\thymeleaf-spring5\3.0.11.RELEASE\thymeleaf-spring5-3.0.11.RELEASE.jar;E:\apache-maven-3.6.3\maven_repository\org\thymeleaf\thymeleaf\3.0.11.RELEASE\thymeleaf-3.0.11.RELEASE.jar;E:\apache-maven-3.6.3\maven_repository\org\attoparser\attoparser\2.0.5.RELEASE\attoparser-2.0.5.RELEASE.jar;E:\apache-maven-3.6.3\maven_repository\org\unbescape\unbescape\1.1.6.RELEASE\unbescape-1.1.6.RELEASE.jar;E:\apache-maven-3.6.3\maven_repository\org\thymeleaf\extras\thymeleaf-extras-java8time\3.0.4.RELEASE\thymeleaf-extras-java8time-3.0.4.RELEASE.jar;E:\apache-maven-3.6.3\maven_repository\org\springframework\boot\spring-boot-devtools\2.4.1\spring-boot-devtools-2.4.1.jar;E:\apache-maven-3.6.3\maven_repository\org\springframework\boot\spring-boot\2.4.1\spring-boot-2.4.1.jar;E:\apache-maven-3.6.3\maven_repository\org\springframework\boot\spring-boot-autoconfigure\2.4.1\spring-boot-autoconfigure-2.4.1.jar;E:\apache-maven-3.6.3\maven_repository\net\sourceforge\nekohtml\nekohtml\1.9.22\nekohtml-1.9.22.jar;E:\apache-maven-3.6.3\maven_repository\xerces\xercesImpl\2.11.0\xercesImpl-2.11.0.jar;E:\apache-maven-3.6.3\maven_repository\xml-apis\xml-apis\1.4.01\xml-apis-1.4.01.jar;E:\apache-maven-3.6.3\maven_repository\mysql\mysql-connector-java\8.0.22\mysql-connector-java-8.0.22.jar;E:\apache-maven-3.6.3\maven_repository\org\springframework\boot\spring-boot-starter-jdbc\2.4.1\spring-boot-starter-jdbc-2.4.1.jar;E:\apache-maven-3.6.3\maven_repository\com\zaxxer\HikariCP\3.4.5\HikariCP-3.4.5.jar;E:\apache-maven-3.6.3\maven_repository\org\springframework\spring-jdbc\5.3.2\spring-jdbc-5.3.2.jar;E:\apache-maven-3.6.3\maven_repository\org\springframework\spring-tx\5.3.2\spring-tx-5.3.2.jar;E:\apache-maven-3.6.3\maven_repository\com\alibaba\fastjson\1.2.15\fastjson-1.2.15.jar;E:\apache-maven-3.6.3\maven_repository\commons-fileupload\commons-fileupload\1.3.1\commons-fileupload-1.3.1.jar;E:\apache-maven-3.6.3\maven_repository\commons-io\commons-io\2.5\commons-io-2.5.jar;E:\apache-maven-3.6.3\maven_repository\commons-collections\commons-collections\3.2.2\commons-collections-3.2.2.jar;E:\apache-maven-3.6.3\maven_repository\commons-lang\commons-lang\2.6\commons-lang-2.6.jar;E:\apache-maven-3.6.3\maven_repository\commons-beanutils\commons-beanutils\1.9.2\commons-beanutils-1.9.2.jar;E:\apache-maven-3.6.3\maven_repository\commons-logging\commons-logging\1.1.1\commons-logging-1.1.1.jar;E:\apache-maven-3.6.3\maven_repository\net\coobird\thumbnailator\0.4.8\thumbnailator-0.4.8.jar;E:\apache-maven-3.6.3\maven_repository\com\cloopen\java-sms-sdk\1.0.3\java-sms-sdk-1.0.3.jar;E:\apache-maven-3.6.3\maven_repository\commons-codec\commons-codec\1.15\commons-codec-1.15.jar;E:\apache-maven-3.6.3\maven_repository\com\google\code\gson\gson\2.8.6\gson-2.8.6.jar;E:\apache-maven-3.6.3\maven_repository\dom4j\dom4j\1.6.1\dom4j-1.6.1.jar;E:\apache-maven-3.6.3\maven_repository\org\projectlombok\lombok\1.18.16\lombok-1.18.16.jar;E:\apache-maven-3.6.3\maven_repository\org\apache\httpcomponents\httpclient\4.5.13\httpclient-4.5.13.jar;E:\apache-maven-3.6.3\maven_repository\org\apache\httpcomponents\httpcore\4.4.14\httpcore-4.4.14.jar;"/>
    <property name="java.vm.vendor" value="Oracle Corporation"/>
    <property name="sun.arch.data.model" value="64"/>
    <property name="user.variant" value=""/>
    <property name="java.vendor.url" value="http://java.oracle.com/"/>
    <property name="user.timezone" value="Asia/Shanghai"/>
    <property name="java.vm.specification.version" value="1.8"/>
    <property name="os.name" value="Windows 10"/>
    <property name="user.country" value="CN"/>
    <property name="sun.java.launcher" value="SUN_STANDARD"/>
    <property name="sun.boot.library.path" value="C:\Program Files\Java\jdk1.8.0_101\jre\bin"/>
    <property name="sun.java.command" value="C:\Users\HSY\AppData\Local\Temp\surefire8446423571735487192\surefirebooter7520675884276843254.jar C:\Users\HSY\AppData\Local\Temp\surefire8446423571735487192 2020-12-31T16-53-08_189-jvmRun1 surefire7725411686424065653tmp surefire_07161408173556233603tmp"/>
    <property name="surefire.test.class.path" value="E:\Java_Project\hbgc-shop\target\test-classes;E:\Java_Project\hbgc-shop\target\classes;E:\apache-maven-3.6.3\maven_repository\org\springframework\boot\spring-boot-starter-web\2.4.1\spring-boot-starter-web-2.4.1.jar;E:\apache-maven-3.6.3\maven_repository\org\springframework\boot\spring-boot-starter\2.4.1\spring-boot-starter-2.4.1.jar;E:\apache-maven-3.6.3\maven_repository\org\springframework\boot\spring-boot-starter-logging\2.4.1\spring-boot-starter-logging-2.4.1.jar;E:\apache-maven-3.6.3\maven_repository\ch\qos\logback\logback-classic\1.2.3\logback-classic-1.2.3.jar;E:\apache-maven-3.6.3\maven_repository\ch\qos\logback\logback-core\1.2.3\logback-core-1.2.3.jar;E:\apache-maven-3.6.3\maven_repository\org\apache\logging\log4j\log4j-to-slf4j\2.13.3\log4j-to-slf4j-2.13.3.jar;E:\apache-maven-3.6.3\maven_repository\org\apache\logging\log4j\log4j-api\2.13.3\log4j-api-2.13.3.jar;E:\apache-maven-3.6.3\maven_repository\org\slf4j\jul-to-slf4j\1.7.30\jul-to-slf4j-1.7.30.jar;E:\apache-maven-3.6.3\maven_repository\jakarta\annotation\jakarta.annotation-api\1.3.5\jakarta.annotation-api-1.3.5.jar;E:\apache-maven-3.6.3\maven_repository\org\yaml\snakeyaml\1.27\snakeyaml-1.27.jar;E:\apache-maven-3.6.3\maven_repository\org\springframework\boot\spring-boot-starter-json\2.4.1\spring-boot-starter-json-2.4.1.jar;E:\apache-maven-3.6.3\maven_repository\com\fasterxml\jackson\core\jackson-databind\2.11.3\jackson-databind-2.11.3.jar;E:\apache-maven-3.6.3\maven_repository\com\fasterxml\jackson\core\jackson-annotations\2.11.3\jackson-annotations-2.11.3.jar;E:\apache-maven-3.6.3\maven_repository\com\fasterxml\jackson\core\jackson-core\2.11.3\jackson-core-2.11.3.jar;E:\apache-maven-3.6.3\maven_repository\com\fasterxml\jackson\datatype\jackson-datatype-jdk8\2.11.3\jackson-datatype-jdk8-2.11.3.jar;E:\apache-maven-3.6.3\maven_repository\com\fasterxml\jackson\datatype\jackson-datatype-jsr310\2.11.3\jackson-datatype-jsr310-2.11.3.jar;E:\apache-maven-3.6.3\maven_repository\com\fasterxml\jackson\module\jackson-module-parameter-names\2.11.3\jackson-module-parameter-names-2.11.3.jar;E:\apache-maven-3.6.3\maven_repository\org\springframework\boot\spring-boot-starter-tomcat\2.4.1\spring-boot-starter-tomcat-2.4.1.jar;E:\apache-maven-3.6.3\maven_repository\org\apache\tomcat\embed\tomcat-embed-core\9.0.41\tomcat-embed-core-9.0.41.jar;E:\apache-maven-3.6.3\maven_repository\org\glassfish\jakarta.el\3.0.3\jakarta.el-3.0.3.jar;E:\apache-maven-3.6.3\maven_repository\org\apache\tomcat\embed\tomcat-embed-websocket\9.0.41\tomcat-embed-websocket-9.0.41.jar;E:\apache-maven-3.6.3\maven_repository\org\springframework\spring-web\5.3.2\spring-web-5.3.2.jar;E:\apache-maven-3.6.3\maven_repository\org\springframework\spring-beans\5.3.2\spring-beans-5.3.2.jar;E:\apache-maven-3.6.3\maven_repository\org\springframework\spring-webmvc\5.3.2\spring-webmvc-5.3.2.jar;E:\apache-maven-3.6.3\maven_repository\org\springframework\spring-aop\5.3.2\spring-aop-5.3.2.jar;E:\apache-maven-3.6.3\maven_repository\org\springframework\spring-context\5.3.2\spring-context-5.3.2.jar;E:\apache-maven-3.6.3\maven_repository\org\springframework\spring-expression\5.3.2\spring-expression-5.3.2.jar;E:\apache-maven-3.6.3\maven_repository\org\springframework\boot\spring-boot-starter-test\2.4.1\spring-boot-starter-test-2.4.1.jar;E:\apache-maven-3.6.3\maven_repository\org\springframework\boot\spring-boot-test\2.4.1\spring-boot-test-2.4.1.jar;E:\apache-maven-3.6.3\maven_repository\org\springframework\boot\spring-boot-test-autoconfigure\2.4.1\spring-boot-test-autoconfigure-2.4.1.jar;E:\apache-maven-3.6.3\maven_repository\com\jayway\jsonpath\json-path\2.4.0\json-path-2.4.0.jar;E:\apache-maven-3.6.3\maven_repository\net\minidev\json-smart\2.3\json-smart-2.3.jar;E:\apache-maven-3.6.3\maven_repository\net\minidev\accessors-smart\1.2\accessors-smart-1.2.jar;E:\apache-maven-3.6.3\maven_repository\org\ow2\asm\asm\5.0.4\asm-5.0.4.jar;E:\apache-maven-3.6.3\maven_repository\org\slf4j\slf4j-api\1.7.30\slf4j-api-1.7.30.jar;E:\apache-maven-3.6.3\maven_repository\jakarta\xml\bind\jakarta.xml.bind-api\2.3.3\jakarta.xml.bind-api-2.3.3.jar;E:\apache-maven-3.6.3\maven_repository\jakarta\activation\jakarta.activation-api\1.2.2\jakarta.activation-api-1.2.2.jar;E:\apache-maven-3.6.3\maven_repository\org\assertj\assertj-core\3.18.1\assertj-core-3.18.1.jar;E:\apache-maven-3.6.3\maven_repository\org\hamcrest\hamcrest\2.2\hamcrest-2.2.jar;E:\apache-maven-3.6.3\maven_repository\org\junit\jupiter\junit-jupiter\5.7.0\junit-jupiter-5.7.0.jar;E:\apache-maven-3.6.3\maven_repository\org\junit\jupiter\junit-jupiter-api\5.7.0\junit-jupiter-api-5.7.0.jar;E:\apache-maven-3.6.3\maven_repository\org\apiguardian\apiguardian-api\1.1.0\apiguardian-api-1.1.0.jar;E:\apache-maven-3.6.3\maven_repository\org\opentest4j\opentest4j\1.2.0\opentest4j-1.2.0.jar;E:\apache-maven-3.6.3\maven_repository\org\junit\platform\junit-platform-commons\1.7.0\junit-platform-commons-1.7.0.jar;E:\apache-maven-3.6.3\maven_repository\org\junit\jupiter\junit-jupiter-params\5.7.0\junit-jupiter-params-5.7.0.jar;E:\apache-maven-3.6.3\maven_repository\org\junit\jupiter\junit-jupiter-engine\5.7.0\junit-jupiter-engine-5.7.0.jar;E:\apache-maven-3.6.3\maven_repository\org\junit\platform\junit-platform-engine\1.7.0\junit-platform-engine-1.7.0.jar;E:\apache-maven-3.6.3\maven_repository\org\mockito\mockito-core\3.6.28\mockito-core-3.6.28.jar;E:\apache-maven-3.6.3\maven_repository\net\bytebuddy\byte-buddy\1.10.18\byte-buddy-1.10.18.jar;E:\apache-maven-3.6.3\maven_repository\net\bytebuddy\byte-buddy-agent\1.10.18\byte-buddy-agent-1.10.18.jar;E:\apache-maven-3.6.3\maven_repository\org\objenesis\objenesis\3.1\objenesis-3.1.jar;E:\apache-maven-3.6.3\maven_repository\org\mockito\mockito-junit-jupiter\3.6.28\mockito-junit-jupiter-3.6.28.jar;E:\apache-maven-3.6.3\maven_repository\org\skyscreamer\jsonassert\1.5.0\jsonassert-1.5.0.jar;E:\apache-maven-3.6.3\maven_repository\com\vaadin\external\google\android-json\0.0.20131108.vaadin1\android-json-0.0.20131108.vaadin1.jar;E:\apache-maven-3.6.3\maven_repository\org\springframework\spring-core\5.3.2\spring-core-5.3.2.jar;E:\apache-maven-3.6.3\maven_repository\org\springframework\spring-jcl\5.3.2\spring-jcl-5.3.2.jar;E:\apache-maven-3.6.3\maven_repository\org\springframework\spring-test\5.3.2\spring-test-5.3.2.jar;E:\apache-maven-3.6.3\maven_repository\org\xmlunit\xmlunit-core\2.7.0\xmlunit-core-2.7.0.jar;E:\apache-maven-3.6.3\maven_repository\org\springframework\boot\spring-boot-starter-thymeleaf\2.4.1\spring-boot-starter-thymeleaf-2.4.1.jar;E:\apache-maven-3.6.3\maven_repository\org\thymeleaf\thymeleaf-spring5\3.0.11.RELEASE\thymeleaf-spring5-3.0.11.RELEASE.jar;E:\apache-maven-3.6.3\maven_repository\org\thymeleaf\thymeleaf\3.0.11.RELEASE\thymeleaf-3.0.11.RELEASE.jar;E:\apache-maven-3.6.3\maven_repository\org\attoparser\attoparser\2.0.5.RELEASE\attoparser-2.0.5.RELEASE.jar;E:\apache-maven-3.6.3\maven_repository\org\unbescape\unbescape\1.1.6.RELEASE\unbescape-1.1.6.RELEASE.jar;E:\apache-maven-3.6.3\maven_repository\org\thymeleaf\extras\thymeleaf-extras-java8time\3.0.4.RELEASE\thymeleaf-extras-java8time-3.0.4.RELEASE.jar;E:\apache-maven-3.6.3\maven_repository\org\springframework\boot\spring-boot-devtools\2.4.1\spring-boot-devtools-2.4.1.jar;E:\apache-maven-3.6.3\maven_repository\org\springframework\boot\spring-boot\2.4.1\spring-boot-2.4.1.jar;E:\apache-maven-3.6.3\maven_repository\org\springframework\boot\spring-boot-autoconfigure\2.4.1\spring-boot-autoconfigure-2.4.1.jar;E:\apache-maven-3.6.3\maven_repository\net\sourceforge\nekohtml\nekohtml\1.9.22\nekohtml-1.9.22.jar;E:\apache-maven-3.6.3\maven_repository\xerces\xercesImpl\2.11.0\xercesImpl-2.11.0.jar;E:\apache-maven-3.6.3\maven_repository\xml-apis\xml-apis\1.4.01\xml-apis-1.4.01.jar;E:\apache-maven-3.6.3\maven_repository\mysql\mysql-connector-java\8.0.22\mysql-connector-java-8.0.22.jar;E:\apache-maven-3.6.3\maven_repository\org\springframework\boot\spring-boot-starter-jdbc\2.4.1\spring-boot-starter-jdbc-2.4.1.jar;E:\apache-maven-3.6.3\maven_repository\com\zaxxer\HikariCP\3.4.5\HikariCP-3.4.5.jar;E:\apache-maven-3.6.3\maven_repository\org\springframework\spring-jdbc\5.3.2\spring-jdbc-5.3.2.jar;E:\apache-maven-3.6.3\maven_repository\org\springframework\spring-tx\5.3.2\spring-tx-5.3.2.jar;E:\apache-maven-3.6.3\maven_repository\com\alibaba\fastjson\1.2.15\fastjson-1.2.15.jar;E:\apache-maven-3.6.3\maven_repository\commons-fileupload\commons-fileupload\1.3.1\commons-fileupload-1.3.1.jar;E:\apache-maven-3.6.3\maven_repository\commons-io\commons-io\2.5\commons-io-2.5.jar;E:\apache-maven-3.6.3\maven_repository\commons-collections\commons-collections\3.2.2\commons-collections-3.2.2.jar;E:\apache-maven-3.6.3\maven_repository\commons-lang\commons-lang\2.6\commons-lang-2.6.jar;E:\apache-maven-3.6.3\maven_repository\commons-beanutils\commons-beanutils\1.9.2\commons-beanutils-1.9.2.jar;E:\apache-maven-3.6.3\maven_repository\commons-logging\commons-logging\1.1.1\commons-logging-1.1.1.jar;E:\apache-maven-3.6.3\maven_repository\net\coobird\thumbnailator\0.4.8\thumbnailator-0.4.8.jar;E:\apache-maven-3.6.3\maven_repository\com\cloopen\java-sms-sdk\1.0.3\java-sms-sdk-1.0.3.jar;E:\apache-maven-3.6.3\maven_repository\commons-codec\commons-codec\1.15\commons-codec-1.15.jar;E:\apache-maven-3.6.3\maven_repository\com\google\code\gson\gson\2.8.6\gson-2.8.6.jar;E:\apache-maven-3.6.3\maven_repository\dom4j\dom4j\1.6.1\dom4j-1.6.1.jar;E:\apache-maven-3.6.3\maven_repository\org\projectlombok\lombok\1.18.16\lombok-1.18.16.jar;E:\apache-maven-3.6.3\maven_repository\org\apache\httpcomponents\httpclient\4.5.13\httpclient-4.5.13.jar;E:\apache-maven-3.6.3\maven_repository\org\apache\httpcomponents\httpcore\4.4.14\httpcore-4.4.14.jar;"/>
    <property name="sun.cpu.endian" value="little"/>
    <property name="user.home" value="C:\Users\HSY"/>
    <property name="user.language" value="zh"/>
    <property name="java.specification.vendor" value="Oracle Corporation"/>
    <property name="java.home" value="C:\Program Files\Java\jdk1.8.0_101\jre"/>
    <property name="basedir" value="E:\Java_Project\hbgc-shop"/>
    <property name="file.separator" value="\"/>
    <property name="line.separator" value="&#10;"/>
    <property name="java.vm.specification.vendor" value="Oracle Corporation"/>
    <property name="java.specification.name" value="Java Platform API Specification"/>
    <property name="java.awt.graphicsenv" value="sun.awt.Win32GraphicsEnvironment"/>
    <property name="surefire.real.class.path" value="C:\Users\HSY\AppData\Local\Temp\surefire8446423571735487192\surefirebooter7520675884276843254.jar"/>
    <property name="sun.boot.class.path" value="C:\Program Files\Java\jdk1.8.0_101\jre\lib\resources.jar;C:\Program Files\Java\jdk1.8.0_101\jre\lib\rt.jar;C:\Program Files\Java\jdk1.8.0_101\jre\lib\sunrsasign.jar;C:\Program Files\Java\jdk1.8.0_101\jre\lib\jsse.jar;C:\Program Files\Java\jdk1.8.0_101\jre\lib\jce.jar;C:\Program Files\Java\jdk1.8.0_101\jre\lib\charsets.jar;C:\Program Files\Java\jdk1.8.0_101\jre\lib\jfr.jar;C:\Program Files\Java\jdk1.8.0_101\jre\classes"/>
    <property name="user.script" value=""/>
    <property name="sun.management.compiler" value="HotSpot 64-Bit Tiered Compilers"/>
    <property name="java.runtime.version" value="1.8.0_101-b13"/>
    <property name="user.name" value="HSY"/>
    <property name="path.separator" value=";"/>
    <property name="os.version" value="10.0"/>
    <property name="java.endorsed.dirs" value="C:\Program Files\Java\jdk1.8.0_101\jre\lib\endorsed"/>
    <property name="java.runtime.name" value="Java(TM) SE Runtime Environment"/>
    <property name="file.encoding" value="GBK"/>
    <property name="java.vm.name" value="Java HotSpot(TM) 64-Bit Server VM"/>
    <property name="localRepository" value="E:\apache-maven-3.6.3\maven_repository"/>
    <property name="java.vendor.url.bug" value="http://bugreport.sun.com/bugreport/"/>
    <property name="java.io.tmpdir" value="C:\Users\HSY\AppData\Local\Temp\"/>
    <property name="idea.version" value="2020.3"/>
    <property name="java.version" value="1.8.0_101"/>
    <property name="user.dir" value="E:\Java_Project\hbgc-shop"/>
    <property name="os.arch" value="amd64"/>
    <property name="java.vm.specification.name" value="Java Virtual Machine Specification"/>
    <property name="java.awt.printerjob" value="sun.awt.windows.WPrinterJob"/>
    <property name="sun.os.patch.level" value=""/>
    <property name="java.library.path" value="C:\Program Files\Java\jdk1.8.0_101\jre\bin;C:\Windows\Sun\Java\bin;C:\Windows\system32;C:\Windows;C:\Program Files (x86)\NetSarang\Xshell 6\;C:\ProgramData\Oracle\Java\javapath;C:\Program Files (x86)\NetSarang\Xftp 6\;D:\app\HSY\product\11.2.0\dbhome_1\bin;C:\Program Files (x86)\Common Files\Oracle\Java\javapath;C:\Windows\system32;C:\Windows;C:\Windows\System32\Wbem;C:\Windows\System32\WindowsPowerShell\v1.0\;C:\Windows\System32\OpenSSH\;C:\Program Files\Java\jdk1.8.0_101\bin;&quot;C;\python27&quot;;&quot;C;\python27\Scripts&quot;;&quot;;%CATALINA_HOME%\bin;%CATALINA_HOME%\lib&quot;;&quot;%CATALINA_HOME%\lib;%CATALINA_HOME%\bin&quot;;E:\apache-maven-3.6.3\bin;C:\Program Files\Java\jdk1.8.0_221\bin;C:\Program Files\TortoiseGit\bin;C:\Program Files\nodejs\;E:\maven\apache-maven-3.5.2\bin;C:\Program Files\Git\cmd;C:\Program Files\MySQL\MySQL Server 5.5\bin;E:\MYSQL\bin;C:\Program Files\Java\jdk1.8.0_101\bin;C:\Users\HSY\AppData\Local\Microsoft\WindowsApps;&quot;C:\Program Files\Java\jdk1.8.0_101\bin;C:\Program Files\Java\jdk1.8.0_101\jre\bin;&quot;;&quot;D;\python;D;\python\scripts&quot;;C:\Users\HSY\AppData\Roaming\npm;C:\Users\HSY\AppData\Local\Programs\Microsoft VS Code\bin;C:\Program Files\JetBrains\IntelliJ IDEA 2020.3\bin;;C:\Program Files\MongoDB\Server\4.2\bin;;."/>
    <property name="java.vm.info" value="mixed mode"/>
    <property name="java.vendor" value="Oracle Corporation"/>
    <property name="java.vm.version" value="25.101-b13"/>
    <property name="java.ext.dirs" value="C:\Program Files\Java\jdk1.8.0_101\jre\lib\ext;C:\Windows\Sun\Java\lib\ext"/>
    <property name="sun.io.unicode.encoding" value="UnicodeLittle"/>
    <property name="maven.repo.local" value="E:\apache-maven-3.6.3\maven_repository"/>
    <property name="java.class.version" value="52.0"/>
  </properties>
  <testcase name="contextLoads" classname="com.hsy.HbgcShopApplicationTests" time="0.733"/>
</testsuite>